%!Adobe-FontList 1.22
%Locale:0x409

%BeginFont
Handler:DirectoryHandler
FontType:Invalid
OutlineFileName:/Users/deveny/Documents/GitHub/scammingtime/2ndChapter Folder/Document fonts/AdobeFnt19.lst
FileLength:539
FileModTime:638808192
%EndFont

%BeginFont
Handler:DirectoryHandler
FontType:Invalid
OutlineFileName:/Users/deveny/Documents/GitHub/scammingtime/2ndChapter Folder/Document fonts/AdobeFnt22.lst
FileLength:1031
FileModTime:639156806
%EndFont

%BeginFont
Handler:DirectoryHandler
FontType:TrueType
FontName:ArialRoundedMTBold
FamilyName:Arial Rounded MT Bold
StyleName:Regular
MenuName:Arial Rounded MT Bold
StyleBits:0
WeightClass:400
WidthClass:5
AngleClass:0
FullName:Arial Rounded MT Bold
WritingScript:Roman
OutlineFileName:/Users/deveny/Documents/GitHub/scammingtime/2ndChapter Folder/Document fonts/Arial Rounded Bold.ttf
DataFormat:sfntData
hasSVG:no
VariableFontType:NonVariableFont
FileLength:49296
FileModTime:560917424
NameArray:0,Mac,4,Arial Rounded MT Bold
NameArray:0,Win,1,Arial Rounded MT Bold
%EndFont

