%!Adobe-FontList 1.19
%Locale:0x409

%BeginFont
Handler:DirectoryHandler
FontType:TrueType
FontName:ArialRoundedMTBold
FamilyName:Arial Rounded MT Bold
StyleName:Regular
MenuName:Arial Rounded MT Bold
StyleBits:0
WeightClass:400
WidthClass:5
AngleClass:0
FullName:Arial Rounded MT Bold
WritingScript:Roman
OutlineFileName:\Arial Rounded Bold.ttf
DataFormat:sfntData
hasSVG:no
VariableFontType:NonVariableFont
FileLength:49296
FileModTime:1539231824
NameArray:0,Mac,4,Arial Rounded MT Bold
NameArray:0,Win,1,Arial Rounded MT Bold
%EndFont

